New log file opened at Fri Jul 03 11:46:18 PDT 2015 by 7116@Home
Sending msg to client activator-736c4145-af4f-4511-b315-74d9f01f59c0: DetachedLogEvent(LogMessage(debug,sbt client logs are in: C:\Users\Khyathi\workspace\activator\activator\FlashCards\.sbtserver\connections\activator-736c4145-af4f-4511-b315-74d9f01f59c0.log))
Sending msg to client activator-736c4145-af4f-4511-b315-74d9f01f59c0: DetachedLogEvent(LogMessage(debug,sbt server socket logs are in: C:\Users\Khyathi\workspace\activator\activator\FlashCards\.sbtserver\connections\master.log))
Reading next message from client.
Client activator-736c4145-af4f-4511-b315-74d9f01f59c0 closed, java.net.SocketException: Software caused connection abort: recv failed, shutting down
Stopping client.
Dropping message DetachedLogEvent(LogMessage(debug,sbt server socket logs are in: C:\Users\Khyathi\workspace\activator\activator\FlashCards\.sbtserver\connections\master.log)) because client activator-736c4145-af4f-4511-b315-74d9f01f59c0 of an exception serializing and sending: java.net.SocketException: Software caused connection abort: socket write error
stack trace sending message was 
java.net.SocketException: Software caused connection abort: socket write error
	at java.net.SocketOutputStream.socketWrite0(Native Method)
	at java.net.SocketOutputStream.socketWrite(SocketOutputStream.java:109)
	at java.net.SocketOutputStream.write(SocketOutputStream.java:153)
	at java.io.BufferedOutputStream.flushBuffer(BufferedOutputStream.java:82)
	at java.io.BufferedOutputStream.flush(BufferedOutputStream.java:140)
	at java.io.DataOutputStream.flush(DataOutputStream.java:123)
	at sbt.impl.ipc.Peer.send(IPC.scala:79)
	at sbt.impl.ipc.Peer.send(IPC.scala:83)
	at sbt.impl.ipc.Peer.sendString(IPC.scala:106)
	at sbt.impl.ipc.Peer.sendJson(IPC.scala:119)
	at sbt.server.SbtClientHandler$$anonfun$send$1.apply$mcV$sp(SbtClientHandler.scala:128)
	at sbt.server.SbtClientHandler.wrappedSend(SbtClientHandler.scala:113)
	at sbt.server.SbtClientHandler.send(SbtClientHandler.scala:128)
	at sbt.server.SbtServerSocketHandler$$anon$1.run(SbtServerSocketHandler.scala:91)
Dropping message DetachedLogEvent(LogMessage(debug,sbt general server logs are in: C:\Users\Khyathi\workspace\activator\activator\FlashCards\.sbtserver\master.log)) to dead client activator-736c4145-af4f-4511-b315-74d9f01f59c0
Dropping message (0,ReceivedResponse()) to dead client activator-736c4145-af4f-4511-b315-74d9f01f59c0
Client activator-736c4145-af4f-4511-b315-74d9f01f59c0 thread exiting.
