New log file opened at Fri Jul 03 11:46:18 PDT 2015 by 7116@Home
Sending msg to client activator-24102425-3e80-46ec-b540-1424537fc604: DetachedLogEvent(LogMessage(debug,sbt server socket logs are in: C:\Users\Khyathi\workspace\activator\activator\FlashCards\.sbtserver\connections\master.log))
Sending msg to client activator-24102425-3e80-46ec-b540-1424537fc604: DetachedLogEvent(LogMessage(debug,sbt general server logs are in: C:\Users\Khyathi\workspace\activator\activator\FlashCards\.sbtserver\master.log))
Sending msg to client activator-24102425-3e80-46ec-b540-1424537fc604: DetachedLogEvent(LogMessage(debug,sbt client logs are in: C:\Users\Khyathi\workspace\activator\activator\FlashCards\.sbtserver\connections\activator-24102425-3e80-46ec-b540-1424537fc604.log))
Reading next message from client.
Got request: ListenToEvents()
Reading next message from client.
Sending msg to client activator-24102425-3e80-46ec-b540-1424537fc604: DetachedLogEvent(LogMessage(debug,> --initialize))
Got request: ListenToBuildChange()
Reading next message from client.
Got request: SendSyntheticBuildChanged()
Reading next message from client.
Got request: KeyLookupRequest(discoveredMainClasses)
Reading next message from client.
Got request: KeyLookupRequest(mainClass)
Reading next message from client.
Sending msg to client activator-24102425-3e80-46ec-b540-1424537fc604: (3,ReceivedResponse())
Got request: ExecutionRequest(compile)
Reading next message from client.
Sending msg to client activator-24102425-3e80-46ec-b540-1424537fc604: DetachedLogEvent(LogMessage(debug,> initialize))
Sending msg to client activator-24102425-3e80-46ec-b540-1424537fc604: DetachedLogEvent(LogMessage(debug,> onFailure load-failed))
Sending msg to client activator-24102425-3e80-46ec-b540-1424537fc604: DetachedLogEvent(LogMessage(debug,> boot))
Sending msg to client activator-24102425-3e80-46ec-b540-1424537fc604: DetachedLogEvent(LogMessage(debug,> reload))
Sending msg to client activator-24102425-3e80-46ec-b540-1424537fc604: DetachedLogEvent(LogMessage(debug,[Loading] Scanning directory C:\Users\Khyathi\workspace\activator\activator\FlashCards\project))
Sending msg to client activator-24102425-3e80-46ec-b540-1424537fc604: DetachedLogEvent(LogMessage(debug,[Loading] Found non-root projects ))
Sending msg to client activator-24102425-3e80-46ec-b540-1424537fc604: DetachedLogEvent(LogMessage(debug,[Loading] Done in C:\Users\Khyathi\workspace\activator\activator\FlashCards\project, returning: ()))
Sending msg to client activator-24102425-3e80-46ec-b540-1424537fc604: DetachedLogEvent(LogMessage(debug,deducing auto plugins based on known facts Set(Atom(sbt.plugins.CorePlugin)) and clauses Clauses(List(Clause(Atom(sbt.plugins.JvmPlugin),Set(Atom(sbt.plugins.IvyPlugin))), Clause(Atom(sbt.plugins.JUnitXmlReportPlugin),Set(Atom(sbt.plugins.JvmPlugin))), Clause(Atom(sbt.plugins.CorePlugin),Set(Atom(sbt.plugins.IvyPlugin))), Clause(Atom(sbt.plugins.IvyPlugin),Set(Atom(sbt.plugins.JvmPlugin))), Clause(Atom(sbt.plugins.JvmPlugin),Set(Atom(sbt.plugins.JUnitXmlReportPlugin)))))))
Sending msg to client activator-24102425-3e80-46ec-b540-1424537fc604: DetachedLogEvent(LogMessage(debug,  :: deduced result: Matched(sbt.plugins.CorePlugin,sbt.plugins.IvyPlugin,sbt.plugins.JvmPlugin,sbt.plugins.JUnitXmlReportPlugin)))
Sending msg to client activator-24102425-3e80-46ec-b540-1424537fc604: DetachedLogEvent(LogMessage(debug,sorting: ns: List(sbt.plugins.CorePlugin, sbt.plugins.IvyPlugin, sbt.plugins.JvmPlugin, sbt.plugins.JUnitXmlReportPlugin)))
Sending msg to client activator-24102425-3e80-46ec-b540-1424537fc604: DetachedLogEvent(LogMessage(debug,  :: sorting:: found: List(sbt.plugins.CorePlugin) not found List(sbt.plugins.IvyPlugin, sbt.plugins.JvmPlugin, sbt.plugins.JUnitXmlReportPlugin)))
Sending msg to client activator-24102425-3e80-46ec-b540-1424537fc604: DetachedLogEvent(LogMessage(debug,  :: sorting:: found: List(sbt.plugins.CorePlugin, sbt.plugins.IvyPlugin) not found List(sbt.plugins.JvmPlugin, sbt.plugins.JUnitXmlReportPlugin)))
Sending msg to client activator-24102425-3e80-46ec-b540-1424537fc604: DetachedLogEvent(LogMessage(debug,  :: sorting:: found: List(sbt.plugins.CorePlugin, sbt.plugins.IvyPlugin, sbt.plugins.JvmPlugin) not found List(sbt.plugins.JUnitXmlReportPlugin)))
Sending msg to client activator-24102425-3e80-46ec-b540-1424537fc604: DetachedLogEvent(LogMessage(debug,  :: sorting:: found: List(sbt.plugins.CorePlugin, sbt.plugins.IvyPlugin, sbt.plugins.JvmPlugin, sbt.plugins.JUnitXmlReportPlugin) not found List()))
Sending msg to client activator-24102425-3e80-46ec-b540-1424537fc604: DetachedLogEvent(LogMessage(debug,  :: sorted deduced result: List(sbt.plugins.CorePlugin, sbt.plugins.IvyPlugin, sbt.plugins.JvmPlugin, sbt.plugins.JUnitXmlReportPlugin)))
Sending msg to client activator-24102425-3e80-46ec-b540-1424537fc604: DetachedLogEvent(LogMessage(debug,[Loading] Done in C:\Users\Khyathi\workspace\activator\activator\FlashCards\project, returning: (flashcards-build)))
Sending msg to client activator-24102425-3e80-46ec-b540-1424537fc604: DetachedLogEvent(LogTrace(IllegalArgumentException,URI has an authority component))
Sending msg to client activator-24102425-3e80-46ec-b540-1424537fc604: DetachedLogEvent(LogMessage(error,java.lang.IllegalArgumentException: URI has an authority component))
Sending msg to client activator-24102425-3e80-46ec-b540-1424537fc604: DetachedLogEvent(LogMessage(error,Use 'last' for the full log.))
Sending msg to client activator-24102425-3e80-46ec-b540-1424537fc604: DetachedLogEvent(LogMessage(debug,> load-failed))
Sending msg to client activator-24102425-3e80-46ec-b540-1424537fc604: DetachedLogEvent(LogMessage(error,Failed to load project.))
Sending msg to client activator-24102425-3e80-46ec-b540-1424537fc604: BuildFailedToLoad()
Sending msg to client activator-24102425-3e80-46ec-b540-1424537fc604: DetachedLogEvent(LogMessage(debug,> server-wait-for-reboot))
